TN:
SF:src\app.js
FN:6,(anonymous_0)
FNF:1
FNH:0
FNDA:0,(anonymous_0)
DA:4,0
DA:6,0
DA:7,0
DA:8,0
LF:4
LH:0
BRF:0
BRH:0
end_of_record
TN:
SF:src\createServer.js
FN:7,createServer
FN:8,(anonymous_1)
FN:51,(anonymous_2)
FNF:3
FNH:3
FNDA:1,createServer
FNDA:2,(anonymous_1)
FNDA:1,(anonymous_2)
DA:3,1
DA:4,1
DA:5,1
DA:8,1
DA:9,2
DA:10,0
DA:11,0
DA:12,0
DA:16,2
DA:17,2
DA:22,2
DA:23,0
DA:24,0
DA:25,0
DA:26,0
DA:30,2
DA:31,1
DA:32,1
DA:33,1
DA:34,1
DA:38,1
DA:39,1
DA:40,1
DA:43,1
DA:44,0
DA:45,0
DA:46,0
DA:47,0
DA:51,1
DA:52,1
DA:53,0
DA:54,0
DA:55,0
DA:56,0
DA:60,1
DA:61,1
DA:71,1
DA:72,1
DA:73,1
DA:78,1
LF:40
LH:25
BRDA:9,0,0,0
BRDA:9,0,1,2
BRDA:17,1,0,1
BRDA:17,1,1,1
BRDA:22,2,0,0
BRDA:22,2,1,2
BRDA:22,3,0,2
BRDA:22,3,1,2
BRDA:30,4,0,1
BRDA:30,4,1,1
BRDA:43,5,0,0
BRDA:43,5,1,1
BRDA:52,6,0,0
BRDA:52,6,1,1
BRDA:61,7,0,1
BRDA:61,7,1,0
BRF:16
BRH:11
end_of_record
